{"/Users/kyounghunkim/Documents/Program_M1/Sparta/resume-api/resume-api/src/repository/resume.repository.js": {"path":"/Users/kyounghunkim/Documents/Program_M1/Sparta/resume-api/resume-api/src/repository/resume.repository.js","statementMap":{"0":{"start":{"line":1,"column":23},"end":{"line":1,"column":44}},"1":{"start":{"line":4,"column":29},"end":{"line":23,"column":5}},"2":{"start":{"line":5,"column":24},"end":{"line":21,"column":10}},"3":{"start":{"line":22,"column":8},"end":{"line":22,"column":22}},"4":{"start":{"line":25,"column":32},"end":{"line":45,"column":5}},"5":{"start":{"line":26,"column":23},"end":{"line":43,"column":10}},"6":{"start":{"line":44,"column":8},"end":{"line":44,"column":21}},"7":{"start":{"line":47,"column":19},"end":{"line":49,"column":5}},"8":{"start":{"line":48,"column":8},"end":{"line":48,"column":61}},"9":{"start":{"line":51,"column":29},"end":{"line":56,"column":5}},"10":{"start":{"line":53,"column":8},"end":{"line":55,"column":50}},"11":{"start":{"line":58,"column":29},"end":{"line":62,"column":5}},"12":{"start":{"line":59,"column":8},"end":{"line":61,"column":10}},"13":{"start":{"line":65,"column":25},"end":{"line":65,"column":47}},"14":{"start":{"line":66,"column":0},"end":{"line":66,"column":33}}},"fnMap":{"0":{"name":"(anonymous_0)","decl":{"start":{"line":4,"column":29},"end":{"line":4,"column":30}},"loc":{"start":{"line":4,"column":45},"end":{"line":23,"column":5}},"line":4},"1":{"name":"(anonymous_1)","decl":{"start":{"line":25,"column":32},"end":{"line":25,"column":33}},"loc":{"start":{"line":25,"column":52},"end":{"line":45,"column":5}},"line":25},"2":{"name":"(anonymous_2)","decl":{"start":{"line":47,"column":19},"end":{"line":47,"column":20}},"loc":{"start":{"line":47,"column":35},"end":{"line":49,"column":5}},"line":47},"3":{"name":"(anonymous_3)","decl":{"start":{"line":51,"column":29},"end":{"line":51,"column":30}},"loc":{"start":{"line":51,"column":55},"end":{"line":56,"column":5}},"line":51},"4":{"name":"(anonymous_4)","decl":{"start":{"line":58,"column":29},"end":{"line":58,"column":30}},"loc":{"start":{"line":58,"column":49},"end":{"line":62,"column":5}},"line":58}},"branchMap":{},"s":{"0":1,"1":1,"2":2,"3":2,"4":1,"5":2,"6":2,"7":1,"8":1,"9":1,"10":1,"11":1,"12":1,"13":1,"14":1},"f":{"0":2,"1":2,"2":1,"3":1,"4":1},"b":{},"_coverageSchema":"1a1c01bbd47fc00a2c39e90264f33305004495a9","hash":"087694999abe7b5462e63f1b31cba1650712ae9e"}
,"/Users/kyounghunkim/Documents/Program_M1/Sparta/resume-api/resume-api/src/repository/user.repository.js": {"path":"/Users/kyounghunkim/Documents/Program_M1/Sparta/resume-api/resume-api/src/repository/user.repository.js","statementMap":{"0":{"start":{"line":1,"column":23},"end":{"line":1,"column":44}},"1":{"start":{"line":4,"column":26},"end":{"line":12,"column":5}},"2":{"start":{"line":5,"column":21},"end":{"line":9,"column":10}},"3":{"start":{"line":11,"column":8},"end":{"line":11,"column":19}},"4":{"start":{"line":14,"column":30},"end":{"line":21,"column":5}},"5":{"start":{"line":15,"column":21},"end":{"line":19,"column":10}},"6":{"start":{"line":20,"column":8},"end":{"line":20,"column":19}},"7":{"start":{"line":23,"column":27},"end":{"line":30,"column":5}},"8":{"start":{"line":24,"column":21},"end":{"line":28,"column":10}},"9":{"start":{"line":29,"column":8},"end":{"line":29,"column":19}},"10":{"start":{"line":32,"column":38},"end":{"line":40,"column":5}},"11":{"start":{"line":33,"column":21},"end":{"line":38,"column":10}},"12":{"start":{"line":39,"column":8},"end":{"line":39,"column":19}},"13":{"start":{"line":42,"column":17},"end":{"line":44,"column":5}},"14":{"start":{"line":43,"column":8},"end":{"line":43,"column":59}},"15":{"start":{"line":47,"column":23},"end":{"line":47,"column":43}},"16":{"start":{"line":48,"column":0},"end":{"line":48,"column":31}}},"fnMap":{"0":{"name":"(anonymous_0)","decl":{"start":{"line":4,"column":26},"end":{"line":4,"column":27}},"loc":{"start":{"line":4,"column":44},"end":{"line":12,"column":5}},"line":4},"1":{"name":"(anonymous_1)","decl":{"start":{"line":14,"column":30},"end":{"line":14,"column":31}},"loc":{"start":{"line":14,"column":50},"end":{"line":21,"column":5}},"line":14},"2":{"name":"(anonymous_2)","decl":{"start":{"line":23,"column":27},"end":{"line":23,"column":28}},"loc":{"start":{"line":23,"column":44},"end":{"line":30,"column":5}},"line":23},"3":{"name":"(anonymous_3)","decl":{"start":{"line":32,"column":38},"end":{"line":32,"column":39}},"loc":{"start":{"line":32,"column":65},"end":{"line":40,"column":5}},"line":32},"4":{"name":"(anonymous_4)","decl":{"start":{"line":42,"column":17},"end":{"line":42,"column":18}},"loc":{"start":{"line":42,"column":33},"end":{"line":44,"column":5}},"line":42}},"branchMap":{},"s":{"0":1,"1":1,"2":1,"3":1,"4":1,"5":1,"6":1,"7":1,"8":1,"9":1,"10":1,"11":1,"12":1,"13":1,"14":0,"15":1,"16":1},"f":{"0":1,"1":1,"2":1,"3":1,"4":0},"b":{},"_coverageSchema":"1a1c01bbd47fc00a2c39e90264f33305004495a9","hash":"4b2ad2b48ac8e900c9c203b31f19c133e1161035"}
,"/Users/kyounghunkim/Documents/Program_M1/Sparta/resume-api/resume-api/src/typeorm/index.js": {"path":"/Users/kyounghunkim/Documents/Program_M1/Sparta/resume-api/resume-api/src/typeorm/index.js","statementMap":{"0":{"start":{"line":1,"column":0},"end":{"line":1,"column":26}},"1":{"start":{"line":3,"column":16},"end":{"line":3,"column":34}},"2":{"start":{"line":5,"column":19},"end":{"line":17,"column":2}},"3":{"start":{"line":19,"column":0},"end":{"line":21,"column":1}},"4":{"start":{"line":20,"column":4},"end":{"line":20,"column":27}},"5":{"start":{"line":23,"column":0},"end":{"line":23,"column":31}}},"fnMap":{},"branchMap":{"0":{"loc":{"start":{"line":19,"column":0},"end":{"line":21,"column":1}},"type":"if","locations":[{"start":{"line":19,"column":0},"end":{"line":21,"column":1}},{"start":{},"end":{}}],"line":19}},"s":{"0":2,"1":2,"2":2,"3":2,"4":0,"5":2},"f":{},"b":{"0":[0,2]},"_coverageSchema":"1a1c01bbd47fc00a2c39e90264f33305004495a9","hash":"c78b0ab7bcb8cf9604cbc32dbddedbb642cd138c"}
,"/Users/kyounghunkim/Documents/Program_M1/Sparta/resume-api/resume-api/src/typeorm/entity/resume.entity.js": {"path":"/Users/kyounghunkim/Documents/Program_M1/Sparta/resume-api/resume-api/src/typeorm/entity/resume.entity.js","statementMap":{"0":{"start":{"line":1,"column":21},"end":{"line":1,"column":52}},"1":{"start":{"line":3,"column":0},"end":{"line":37,"column":2}}},"fnMap":{},"branchMap":{},"s":{"0":2,"1":2},"f":{},"b":{},"_coverageSchema":"1a1c01bbd47fc00a2c39e90264f33305004495a9","hash":"3bf9ef7ac3a2ec1f291e6aa3ec4aab29c4a02255"}
,"/Users/kyounghunkim/Documents/Program_M1/Sparta/resume-api/resume-api/src/typeorm/entity/user.entity.js": {"path":"/Users/kyounghunkim/Documents/Program_M1/Sparta/resume-api/resume-api/src/typeorm/entity/user.entity.js","statementMap":{"0":{"start":{"line":1,"column":21},"end":{"line":1,"column":52}},"1":{"start":{"line":3,"column":0},"end":{"line":31,"column":2}}},"fnMap":{},"branchMap":{},"s":{"0":2,"1":2},"f":{},"b":{},"_coverageSchema":"1a1c01bbd47fc00a2c39e90264f33305004495a9","hash":"d64039170483ab49323a30e19f1c18ca0f2c7238"}
}
