{"C:\\개인파일\\Program_본가\\Sparta\\layeredArchitecture모범답안\\resume-api\\src\\controller\\auth.controller.js": {"path":"C:\\개인파일\\Program_본가\\Sparta\\layeredArchitecture모범답안\\resume-api\\src\\controller\\auth.controller.js","statementMap":{"0":{"start":{"line":1,"column":20},"end":{"line":1,"column":54}},"1":{"start":{"line":4,"column":43},"end":{"line":13,"column":5}},"2":{"start":{"line":5,"column":8},"end":{"line":12,"column":9}},"3":{"start":{"line":6,"column":37},"end":{"line":6,"column":45}},"4":{"start":{"line":8,"column":26},"end":{"line":8,"column":76}},"5":{"start":{"line":9,"column":12},"end":{"line":9,"column":34}},"6":{"start":{"line":11,"column":12},"end":{"line":11,"column":49}},"7":{"start":{"line":16,"column":23},"end":{"line":16,"column":43}},"8":{"start":{"line":17,"column":0},"end":{"line":17,"column":31}}},"fnMap":{"0":{"name":"(anonymous_0)","decl":{"start":{"line":4,"column":43},"end":{"line":4,"column":44}},"loc":{"start":{"line":4,"column":63},"end":{"line":13,"column":5}},"line":4}},"branchMap":{},"s":{"0":1,"1":1,"2":1,"3":1,"4":1,"5":1,"6":0,"7":1,"8":1},"f":{"0":1},"b":{},"_coverageSchema":"1a1c01bbd47fc00a2c39e90264f33305004495a9","hash":"89e899c4ba8d349b806bcf785d7569634e354f45"}
,"C:\\개인파일\\Program_본가\\Sparta\\layeredArchitecture모범답안\\resume-api\\src\\controller\\resume.controller.js": {"path":"C:\\개인파일\\Program_본가\\Sparta\\layeredArchitecture모범답안\\resume-api\\src\\controller\\resume.controller.js","statementMap":{"0":{"start":{"line":1,"column":22},"end":{"line":1,"column":58}},"1":{"start":{"line":4,"column":21},"end":{"line":33,"column":5}},"2":{"start":{"line":5,"column":8},"end":{"line":32,"column":9}},"3":{"start":{"line":6,"column":29},"end":{"line":6,"column":61}},"4":{"start":{"line":7,"column":31},"end":{"line":7,"column":61}},"5":{"start":{"line":9,"column":12},"end":{"line":14,"column":13}},"6":{"start":{"line":10,"column":16},"end":{"line":13,"column":18}},"7":{"start":{"line":16,"column":12},"end":{"line":21,"column":13}},"8":{"start":{"line":17,"column":16},"end":{"line":20,"column":18}},"9":{"start":{"line":24,"column":28},"end":{"line":27,"column":14}},"10":{"start":{"line":29,"column":12},"end":{"line":29,"column":46}},"11":{"start":{"line":31,"column":12},"end":{"line":31,"column":49}},"12":{"start":{"line":35,"column":20},"end":{"line":55,"column":5}},"13":{"start":{"line":36,"column":8},"end":{"line":54,"column":9}},"14":{"start":{"line":37,"column":29},"end":{"line":37,"column":48}},"15":{"start":{"line":38,"column":12},"end":{"line":43,"column":13}},"16":{"start":{"line":39,"column":16},"end":{"line":42,"column":18}},"17":{"start":{"line":45,"column":27},"end":{"line":45,"column":80}},"18":{"start":{"line":47,"column":12},"end":{"line":49,"column":13}},"19":{"start":{"line":48,"column":16},"end":{"line":48,"column":45}},"20":{"start":{"line":51,"column":12},"end":{"line":51,"column":45}},"21":{"start":{"line":53,"column":12},"end":{"line":53,"column":49}},"22":{"start":{"line":57,"column":19},"end":{"line":85,"column":5}},"23":{"start":{"line":58,"column":8},"end":{"line":84,"column":9}},"24":{"start":{"line":59,"column":25},"end":{"line":59,"column":40}},"25":{"start":{"line":60,"column":39},"end":{"line":60,"column":47}},"26":{"start":{"line":61,"column":12},"end":{"line":66,"column":13}},"27":{"start":{"line":62,"column":16},"end":{"line":65,"column":18}},"28":{"start":{"line":68,"column":12},"end":{"line":72,"column":14}},"29":{"start":{"line":74,"column":12},"end":{"line":79,"column":13}},"30":{"start":{"line":75,"column":16},"end":{"line":78,"column":18}},"31":{"start":{"line":81,"column":12},"end":{"line":81,"column":40}},"32":{"start":{"line":83,"column":12},"end":{"line":83,"column":49}},"33":{"start":{"line":87,"column":19},"end":{"line":148,"column":5}},"34":{"start":{"line":88,"column":8},"end":{"line":147,"column":9}},"35":{"start":{"line":89,"column":25},"end":{"line":89,"column":40}},"36":{"start":{"line":90,"column":29},"end":{"line":90,"column":48}},"37":{"start":{"line":91,"column":47},"end":{"line":91,"column":55}},"38":{"start":{"line":93,"column":12},"end":{"line":98,"column":13}},"39":{"start":{"line":94,"column":16},"end":{"line":97,"column":18}},"40":{"start":{"line":100,"column":12},"end":{"line":105,"column":13}},"41":{"start":{"line":101,"column":16},"end":{"line":104,"column":18}},"42":{"start":{"line":107,"column":12},"end":{"line":112,"column":13}},"43":{"start":{"line":108,"column":16},"end":{"line":111,"column":18}},"44":{"start":{"line":114,"column":12},"end":{"line":119,"column":13}},"45":{"start":{"line":115,"column":16},"end":{"line":118,"column":18}},"46":{"start":{"line":122,"column":12},"end":{"line":136,"column":13}},"47":{"start":{"line":132,"column":16},"end":{"line":135,"column":18}},"48":{"start":{"line":138,"column":12},"end":{"line":142,"column":13}},"49":{"start":{"line":144,"column":12},"end":{"line":144,"column":40}},"50":{"start":{"line":146,"column":12},"end":{"line":146,"column":49}},"51":{"start":{"line":150,"column":19},"end":{"line":168,"column":5}},"52":{"start":{"line":151,"column":8},"end":{"line":167,"column":9}},"53":{"start":{"line":152,"column":25},"end":{"line":152,"column":40}},"54":{"start":{"line":153,"column":29},"end":{"line":153,"column":48}},"55":{"start":{"line":155,"column":12},"end":{"line":160,"column":13}},"56":{"start":{"line":156,"column":16},"end":{"line":159,"column":18}},"57":{"start":{"line":162,"column":12},"end":{"line":162,"column":70}},"58":{"start":{"line":164,"column":12},"end":{"line":164,"column":40}},"59":{"start":{"line":166,"column":12},"end":{"line":166,"column":49}},"60":{"start":{"line":171,"column":25},"end":{"line":171,"column":47}},"61":{"start":{"line":172,"column":0},"end":{"line":172,"column":33}}},"fnMap":{"0":{"name":"(anonymous_0)","decl":{"start":{"line":4,"column":21},"end":{"line":4,"column":22}},"loc":{"start":{"line":4,"column":41},"end":{"line":33,"column":5}},"line":4},"1":{"name":"(anonymous_1)","decl":{"start":{"line":35,"column":20},"end":{"line":35,"column":21}},"loc":{"start":{"line":35,"column":40},"end":{"line":55,"column":5}},"line":35},"2":{"name":"(anonymous_2)","decl":{"start":{"line":57,"column":19},"end":{"line":57,"column":20}},"loc":{"start":{"line":57,"column":39},"end":{"line":85,"column":5}},"line":57},"3":{"name":"(anonymous_3)","decl":{"start":{"line":87,"column":19},"end":{"line":87,"column":20}},"loc":{"start":{"line":87,"column":39},"end":{"line":148,"column":5}},"line":87},"4":{"name":"(anonymous_4)","decl":{"start":{"line":150,"column":19},"end":{"line":150,"column":20}},"loc":{"start":{"line":150,"column":39},"end":{"line":168,"column":5}},"line":150}},"branchMap":{"0":{"loc":{"start":{"line":6,"column":29},"end":{"line":6,"column":61}},"type":"binary-expr","locations":[{"start":{"line":6,"column":29},"end":{"line":6,"column":47}},{"start":{"line":6,"column":51},"end":{"line":6,"column":61}}],"line":6},"1":{"loc":{"start":{"line":7,"column":31},"end":{"line":7,"column":61}},"type":"binary-expr","locations":[{"start":{"line":7,"column":31},"end":{"line":7,"column":51}},{"start":{"line":7,"column":55},"end":{"line":7,"column":61}}],"line":7},"2":{"loc":{"start":{"line":9,"column":12},"end":{"line":14,"column":13}},"type":"if","locations":[{"start":{"line":9,"column":12},"end":{"line":14,"column":13}},{"start":{},"end":{}}],"line":9},"3":{"loc":{"start":{"line":16,"column":12},"end":{"line":21,"column":13}},"type":"if","locations":[{"start":{"line":16,"column":12},"end":{"line":21,"column":13}},{"start":{},"end":{}}],"line":16},"4":{"loc":{"start":{"line":38,"column":12},"end":{"line":43,"column":13}},"type":"if","locations":[{"start":{"line":38,"column":12},"end":{"line":43,"column":13}},{"start":{},"end":{}}],"line":38},"5":{"loc":{"start":{"line":47,"column":12},"end":{"line":49,"column":13}},"type":"if","locations":[{"start":{"line":47,"column":12},"end":{"line":49,"column":13}},{"start":{},"end":{}}],"line":47},"6":{"loc":{"start":{"line":61,"column":12},"end":{"line":66,"column":13}},"type":"if","locations":[{"start":{"line":61,"column":12},"end":{"line":66,"column":13}},{"start":{},"end":{}}],"line":61},"7":{"loc":{"start":{"line":74,"column":12},"end":{"line":79,"column":13}},"type":"if","locations":[{"start":{"line":74,"column":12},"end":{"line":79,"column":13}},{"start":{},"end":{}}],"line":74},"8":{"loc":{"start":{"line":93,"column":12},"end":{"line":98,"column":13}},"type":"if","locations":[{"start":{"line":93,"column":12},"end":{"line":98,"column":13}},{"start":{},"end":{}}],"line":93},"9":{"loc":{"start":{"line":100,"column":12},"end":{"line":105,"column":13}},"type":"if","locations":[{"start":{"line":100,"column":12},"end":{"line":105,"column":13}},{"start":{},"end":{}}],"line":100},"10":{"loc":{"start":{"line":107,"column":12},"end":{"line":112,"column":13}},"type":"if","locations":[{"start":{"line":107,"column":12},"end":{"line":112,"column":13}},{"start":{},"end":{}}],"line":107},"11":{"loc":{"start":{"line":114,"column":12},"end":{"line":119,"column":13}},"type":"if","locations":[{"start":{"line":114,"column":12},"end":{"line":119,"column":13}},{"start":{},"end":{}}],"line":114},"12":{"loc":{"start":{"line":122,"column":12},"end":{"line":136,"column":13}},"type":"if","locations":[{"start":{"line":122,"column":12},"end":{"line":136,"column":13}},{"start":{},"end":{}}],"line":122},"13":{"loc":{"start":{"line":155,"column":12},"end":{"line":160,"column":13}},"type":"if","locations":[{"start":{"line":155,"column":12},"end":{"line":160,"column":13}},{"start":{},"end":{}}],"line":155}},"s":{"0":1,"1":1,"2":1,"3":1,"4":1,"5":1,"6":0,"7":1,"8":0,"9":1,"10":1,"11":0,"12":1,"13":4,"14":4,"15":4,"16":0,"17":4,"18":4,"19":3,"20":1,"21":0,"22":1,"23":0,"24":0,"25":0,"26":0,"27":0,"28":0,"29":0,"30":0,"31":0,"32":0,"33":1,"34":0,"35":0,"36":0,"37":0,"38":0,"39":0,"40":0,"41":0,"42":0,"43":0,"44":0,"45":0,"46":0,"47":0,"48":0,"49":0,"50":0,"51":1,"52":1,"53":1,"54":1,"55":1,"56":0,"57":1,"58":1,"59":0,"60":1,"61":1},"f":{"0":1,"1":4,"2":0,"3":0,"4":1},"b":{"0":[1,0],"1":[1,0],"2":[0,1],"3":[0,1],"4":[0,4],"5":[3,1],"6":[0,0],"7":[0,0],"8":[0,0],"9":[0,0],"10":[0,0],"11":[0,0],"12":[0,0],"13":[0,1]},"_coverageSchema":"1a1c01bbd47fc00a2c39e90264f33305004495a9","hash":"39177baa027877589d826aa2aa791d2d5a95cccb"}
,"C:\\개인파일\\Program_본가\\Sparta\\layeredArchitecture모범답안\\resume-api\\src\\controller\\user.controller.js": {"path":"C:\\개인파일\\Program_본가\\Sparta\\layeredArchitecture모범답안\\resume-api\\src\\controller\\user.controller.js","statementMap":{"0":{"start":{"line":1,"column":20},"end":{"line":1,"column":54}},"1":{"start":{"line":4,"column":17},"end":{"line":74,"column":5}},"2":{"start":{"line":5,"column":8},"end":{"line":73,"column":9}},"3":{"start":{"line":7,"column":16},"end":{"line":7,"column":24}},"4":{"start":{"line":8,"column":12},"end":{"line":13,"column":13}},"5":{"start":{"line":9,"column":16},"end":{"line":12,"column":18}},"6":{"start":{"line":15,"column":12},"end":{"line":51,"column":13}},"7":{"start":{"line":16,"column":16},"end":{"line":21,"column":17}},"8":{"start":{"line":17,"column":20},"end":{"line":20,"column":22}},"9":{"start":{"line":23,"column":16},"end":{"line":28,"column":17}},"10":{"start":{"line":24,"column":20},"end":{"line":27,"column":22}},"11":{"start":{"line":30,"column":16},"end":{"line":35,"column":17}},"12":{"start":{"line":31,"column":20},"end":{"line":34,"column":22}},"13":{"start":{"line":37,"column":16},"end":{"line":42,"column":17}},"14":{"start":{"line":38,"column":20},"end":{"line":41,"column":22}},"15":{"start":{"line":44,"column":16},"end":{"line":50,"column":17}},"16":{"start":{"line":45,"column":20},"end":{"line":49,"column":22}},"17":{"start":{"line":53,"column":12},"end":{"line":57,"column":13}},"18":{"start":{"line":54,"column":16},"end":{"line":56,"column":69}},"19":{"start":{"line":59,"column":12},"end":{"line":65,"column":14}},"20":{"start":{"line":67,"column":12},"end":{"line":70,"column":14}},"21":{"start":{"line":72,"column":12},"end":{"line":72,"column":49}},"22":{"start":{"line":76,"column":17},"end":{"line":89,"column":5}},"23":{"start":{"line":77,"column":8},"end":{"line":88,"column":9}},"24":{"start":{"line":78,"column":50},"end":{"line":78,"column":58}},"25":{"start":{"line":80,"column":26},"end":{"line":84,"column":14}},"26":{"start":{"line":85,"column":12},"end":{"line":85,"column":34}},"27":{"start":{"line":87,"column":12},"end":{"line":87,"column":49}},"28":{"start":{"line":91,"column":16},"end":{"line":102,"column":5}},"29":{"start":{"line":92,"column":8},"end":{"line":101,"column":9}},"30":{"start":{"line":93,"column":25},"end":{"line":93,"column":40}},"31":{"start":{"line":95,"column":12},"end":{"line":98,"column":14}},"32":{"start":{"line":100,"column":12},"end":{"line":100,"column":49}},"33":{"start":{"line":105,"column":23},"end":{"line":105,"column":43}},"34":{"start":{"line":106,"column":0},"end":{"line":106,"column":31}}},"fnMap":{"0":{"name":"(anonymous_0)","decl":{"start":{"line":4,"column":17},"end":{"line":4,"column":18}},"loc":{"start":{"line":4,"column":37},"end":{"line":74,"column":5}},"line":4},"1":{"name":"(anonymous_1)","decl":{"start":{"line":76,"column":17},"end":{"line":76,"column":18}},"loc":{"start":{"line":76,"column":37},"end":{"line":89,"column":5}},"line":76},"2":{"name":"(anonymous_2)","decl":{"start":{"line":91,"column":16},"end":{"line":91,"column":17}},"loc":{"start":{"line":91,"column":30},"end":{"line":102,"column":5}},"line":91}},"branchMap":{"0":{"loc":{"start":{"line":8,"column":12},"end":{"line":13,"column":13}},"type":"if","locations":[{"start":{"line":8,"column":12},"end":{"line":13,"column":13}},{"start":{},"end":{}}],"line":8},"1":{"loc":{"start":{"line":8,"column":16},"end":{"line":8,"column":59}},"type":"binary-expr","locations":[{"start":{"line":8,"column":16},"end":{"line":8,"column":21}},{"start":{"line":8,"column":25},"end":{"line":8,"column":59}}],"line":8},"2":{"loc":{"start":{"line":15,"column":12},"end":{"line":51,"column":13}},"type":"if","locations":[{"start":{"line":15,"column":12},"end":{"line":51,"column":13}},{"start":{},"end":{}}],"line":15},"3":{"loc":{"start":{"line":16,"column":16},"end":{"line":21,"column":17}},"type":"if","locations":[{"start":{"line":16,"column":16},"end":{"line":21,"column":17}},{"start":{},"end":{}}],"line":16},"4":{"loc":{"start":{"line":23,"column":16},"end":{"line":28,"column":17}},"type":"if","locations":[{"start":{"line":23,"column":16},"end":{"line":28,"column":17}},{"start":{},"end":{}}],"line":23},"5":{"loc":{"start":{"line":30,"column":16},"end":{"line":35,"column":17}},"type":"if","locations":[{"start":{"line":30,"column":16},"end":{"line":35,"column":17}},{"start":{},"end":{}}],"line":30},"6":{"loc":{"start":{"line":37,"column":16},"end":{"line":42,"column":17}},"type":"if","locations":[{"start":{"line":37,"column":16},"end":{"line":42,"column":17}},{"start":{},"end":{}}],"line":37},"7":{"loc":{"start":{"line":44,"column":16},"end":{"line":50,"column":17}},"type":"if","locations":[{"start":{"line":44,"column":16},"end":{"line":50,"column":17}},{"start":{},"end":{}}],"line":44},"8":{"loc":{"start":{"line":53,"column":12},"end":{"line":57,"column":13}},"type":"if","locations":[{"start":{"line":53,"column":12},"end":{"line":57,"column":13}},{"start":{},"end":{}}],"line":53}},"s":{"0":1,"1":1,"2":1,"3":1,"4":1,"5":0,"6":1,"7":0,"8":0,"9":0,"10":0,"11":0,"12":0,"13":0,"14":0,"15":0,"16":0,"17":1,"18":0,"19":1,"20":1,"21":0,"22":1,"23":1,"24":1,"25":1,"26":1,"27":0,"28":1,"29":1,"30":1,"31":1,"32":0,"33":1,"34":1},"f":{"0":1,"1":1,"2":1},"b":{"0":[0,1],"1":[1,1],"2":[0,1],"3":[0,0],"4":[0,0],"5":[0,0],"6":[0,0],"7":[0,0],"8":[0,1]},"_coverageSchema":"1a1c01bbd47fc00a2c39e90264f33305004495a9","hash":"1ef77018786905b0085cbd5d0e1c03ce9fda19ff"}
,"C:\\개인파일\\Program_본가\\Sparta\\layeredArchitecture모범답안\\resume-api\\src\\repository\\resume.repository.js": {"path":"C:\\개인파일\\Program_본가\\Sparta\\layeredArchitecture모범답안\\resume-api\\src\\repository\\resume.repository.js","statementMap":{"0":{"start":{"line":1,"column":23},"end":{"line":1,"column":44}},"1":{"start":{"line":4,"column":29},"end":{"line":23,"column":5}},"2":{"start":{"line":5,"column":24},"end":{"line":21,"column":10}},"3":{"start":{"line":22,"column":8},"end":{"line":22,"column":22}},"4":{"start":{"line":25,"column":32},"end":{"line":45,"column":5}},"5":{"start":{"line":26,"column":23},"end":{"line":43,"column":10}},"6":{"start":{"line":44,"column":8},"end":{"line":44,"column":21}},"7":{"start":{"line":47,"column":19},"end":{"line":49,"column":5}},"8":{"start":{"line":48,"column":8},"end":{"line":48,"column":61}},"9":{"start":{"line":51,"column":29},"end":{"line":56,"column":5}},"10":{"start":{"line":53,"column":8},"end":{"line":55,"column":50}},"11":{"start":{"line":58,"column":29},"end":{"line":62,"column":5}},"12":{"start":{"line":59,"column":8},"end":{"line":61,"column":10}},"13":{"start":{"line":65,"column":25},"end":{"line":65,"column":47}},"14":{"start":{"line":66,"column":0},"end":{"line":66,"column":33}}},"fnMap":{"0":{"name":"(anonymous_0)","decl":{"start":{"line":4,"column":29},"end":{"line":4,"column":30}},"loc":{"start":{"line":4,"column":45},"end":{"line":23,"column":5}},"line":4},"1":{"name":"(anonymous_1)","decl":{"start":{"line":25,"column":32},"end":{"line":25,"column":33}},"loc":{"start":{"line":25,"column":52},"end":{"line":45,"column":5}},"line":25},"2":{"name":"(anonymous_2)","decl":{"start":{"line":47,"column":19},"end":{"line":47,"column":20}},"loc":{"start":{"line":47,"column":35},"end":{"line":49,"column":5}},"line":47},"3":{"name":"(anonymous_3)","decl":{"start":{"line":51,"column":29},"end":{"line":51,"column":30}},"loc":{"start":{"line":51,"column":55},"end":{"line":56,"column":5}},"line":51},"4":{"name":"(anonymous_4)","decl":{"start":{"line":58,"column":29},"end":{"line":58,"column":30}},"loc":{"start":{"line":58,"column":49},"end":{"line":62,"column":5}},"line":58}},"branchMap":{},"s":{"0":3,"1":3,"2":2,"3":2,"4":3,"5":2,"6":2,"7":3,"8":1,"9":3,"10":1,"11":3,"12":1,"13":3,"14":3},"f":{"0":2,"1":2,"2":1,"3":1,"4":1},"b":{},"_coverageSchema":"1a1c01bbd47fc00a2c39e90264f33305004495a9","hash":"f78593e58961f5c7354a2605e2960f675bcfb9bc"}
,"C:\\개인파일\\Program_본가\\Sparta\\layeredArchitecture모범답안\\resume-api\\src\\repository\\user.repository.js": {"path":"C:\\개인파일\\Program_본가\\Sparta\\layeredArchitecture모범답안\\resume-api\\src\\repository\\user.repository.js","statementMap":{"0":{"start":{"line":1,"column":23},"end":{"line":1,"column":44}},"1":{"start":{"line":4,"column":26},"end":{"line":12,"column":5}},"2":{"start":{"line":5,"column":21},"end":{"line":9,"column":10}},"3":{"start":{"line":11,"column":8},"end":{"line":11,"column":19}},"4":{"start":{"line":14,"column":30},"end":{"line":21,"column":5}},"5":{"start":{"line":15,"column":21},"end":{"line":19,"column":10}},"6":{"start":{"line":20,"column":8},"end":{"line":20,"column":19}},"7":{"start":{"line":23,"column":27},"end":{"line":30,"column":5}},"8":{"start":{"line":24,"column":21},"end":{"line":28,"column":10}},"9":{"start":{"line":29,"column":8},"end":{"line":29,"column":19}},"10":{"start":{"line":32,"column":38},"end":{"line":40,"column":5}},"11":{"start":{"line":33,"column":21},"end":{"line":38,"column":10}},"12":{"start":{"line":39,"column":8},"end":{"line":39,"column":19}},"13":{"start":{"line":42,"column":17},"end":{"line":44,"column":5}},"14":{"start":{"line":43,"column":8},"end":{"line":43,"column":59}},"15":{"start":{"line":47,"column":23},"end":{"line":47,"column":43}},"16":{"start":{"line":48,"column":0},"end":{"line":48,"column":31}}},"fnMap":{"0":{"name":"(anonymous_0)","decl":{"start":{"line":4,"column":26},"end":{"line":4,"column":27}},"loc":{"start":{"line":4,"column":44},"end":{"line":12,"column":5}},"line":4},"1":{"name":"(anonymous_1)","decl":{"start":{"line":14,"column":30},"end":{"line":14,"column":31}},"loc":{"start":{"line":14,"column":50},"end":{"line":21,"column":5}},"line":14},"2":{"name":"(anonymous_2)","decl":{"start":{"line":23,"column":27},"end":{"line":23,"column":28}},"loc":{"start":{"line":23,"column":44},"end":{"line":30,"column":5}},"line":23},"3":{"name":"(anonymous_3)","decl":{"start":{"line":32,"column":38},"end":{"line":32,"column":39}},"loc":{"start":{"line":32,"column":65},"end":{"line":40,"column":5}},"line":32},"4":{"name":"(anonymous_4)","decl":{"start":{"line":42,"column":17},"end":{"line":42,"column":18}},"loc":{"start":{"line":42,"column":33},"end":{"line":44,"column":5}},"line":42}},"branchMap":{},"s":{"0":5,"1":5,"2":1,"3":1,"4":5,"5":1,"6":1,"7":5,"8":1,"9":1,"10":5,"11":1,"12":1,"13":5,"14":1,"15":5,"16":5},"f":{"0":1,"1":1,"2":1,"3":1,"4":1},"b":{},"_coverageSchema":"1a1c01bbd47fc00a2c39e90264f33305004495a9","hash":"38d6a436643c4f8ca608aa82b558cacc6bd79bb4"}
,"C:\\개인파일\\Program_본가\\Sparta\\layeredArchitecture모범답안\\resume-api\\src\\service\\auth.service.js": {"path":"C:\\개인파일\\Program_본가\\Sparta\\layeredArchitecture모범답안\\resume-api\\src\\service\\auth.service.js","statementMap":{"0":{"start":{"line":1,"column":20},"end":{"line":1,"column":43}},"1":{"start":{"line":2,"column":23},"end":{"line":2,"column":63}},"2":{"start":{"line":5,"column":24},"end":{"line":20,"column":5}},"3":{"start":{"line":6,"column":22},"end":{"line":6,"column":65}},"4":{"start":{"line":9,"column":8},"end":{"line":11,"column":9}},"5":{"start":{"line":10,"column":12},"end":{"line":10,"column":48}},"6":{"start":{"line":13,"column":21},"end":{"line":13,"column":75}},"7":{"start":{"line":15,"column":8},"end":{"line":17,"column":9}},"8":{"start":{"line":16,"column":12},"end":{"line":16,"column":48}},"9":{"start":{"line":19,"column":8},"end":{"line":19,"column":19}},"10":{"start":{"line":22,"column":25},"end":{"line":57,"column":5}},"11":{"start":{"line":23,"column":22},"end":{"line":23,"column":67}},"12":{"start":{"line":24,"column":8},"end":{"line":29,"column":9}},"13":{"start":{"line":25,"column":12},"end":{"line":28,"column":13}},"14":{"start":{"line":32,"column":21},"end":{"line":32,"column":75}},"15":{"start":{"line":34,"column":8},"end":{"line":39,"column":9}},"16":{"start":{"line":35,"column":12},"end":{"line":38,"column":13}},"17":{"start":{"line":42,"column":31},"end":{"line":46,"column":9}},"18":{"start":{"line":47,"column":32},"end":{"line":51,"column":9}},"19":{"start":{"line":53,"column":8},"end":{"line":56,"column":9}},"20":{"start":{"line":60,"column":20},"end":{"line":60,"column":37}},"21":{"start":{"line":61,"column":0},"end":{"line":61,"column":28}}},"fnMap":{"0":{"name":"(anonymous_0)","decl":{"start":{"line":5,"column":24},"end":{"line":5,"column":25}},"loc":{"start":{"line":5,"column":47},"end":{"line":20,"column":5}},"line":5},"1":{"name":"(anonymous_1)","decl":{"start":{"line":22,"column":25},"end":{"line":22,"column":26}},"loc":{"start":{"line":22,"column":49},"end":{"line":57,"column":5}},"line":22}},"branchMap":{"0":{"loc":{"start":{"line":9,"column":8},"end":{"line":11,"column":9}},"type":"if","locations":[{"start":{"line":9,"column":8},"end":{"line":11,"column":9}},{"start":{},"end":{}}],"line":9},"1":{"loc":{"start":{"line":15,"column":8},"end":{"line":17,"column":9}},"type":"if","locations":[{"start":{"line":15,"column":8},"end":{"line":17,"column":9}},{"start":{},"end":{}}],"line":15},"2":{"loc":{"start":{"line":24,"column":8},"end":{"line":29,"column":9}},"type":"if","locations":[{"start":{"line":24,"column":8},"end":{"line":29,"column":9}},{"start":{},"end":{}}],"line":24},"3":{"loc":{"start":{"line":34,"column":8},"end":{"line":39,"column":9}},"type":"if","locations":[{"start":{"line":34,"column":8},"end":{"line":39,"column":9}},{"start":{},"end":{}}],"line":34}},"s":{"0":2,"1":2,"2":2,"3":3,"4":3,"5":1,"6":2,"7":2,"8":1,"9":1,"10":2,"11":2,"12":2,"13":1,"14":1,"15":1,"16":0,"17":1,"18":1,"19":1,"20":2,"21":2},"f":{"0":3,"1":2},"b":{"0":[1,2],"1":[1,1],"2":[1,1],"3":[0,1]},"_coverageSchema":"1a1c01bbd47fc00a2c39e90264f33305004495a9","hash":"e4ca124f8a828fb403affa3a2c62acd429b2fbbb"}
,"C:\\개인파일\\Program_본가\\Sparta\\layeredArchitecture모범답안\\resume-api\\src\\service\\resume.service.js": {"path":"C:\\개인파일\\Program_본가\\Sparta\\layeredArchitecture모범답안\\resume-api\\src\\service\\resume.service.js","statementMap":{"0":{"start":{"line":1,"column":25},"end":{"line":1,"column":67}},"1":{"start":{"line":4,"column":27},"end":{"line":7,"column":5}},"2":{"start":{"line":5,"column":24},"end":{"line":5,"column":75}},"3":{"start":{"line":6,"column":8},"end":{"line":6,"column":22}},"4":{"start":{"line":9,"column":30},"end":{"line":14,"column":5}},"5":{"start":{"line":10,"column":23},"end":{"line":12,"column":9}},"6":{"start":{"line":13,"column":8},"end":{"line":13,"column":21}},"7":{"start":{"line":16,"column":19},"end":{"line":23,"column":5}},"8":{"start":{"line":17,"column":8},"end":{"line":22,"column":10}},"9":{"start":{"line":25,"column":29},"end":{"line":45,"column":5}},"10":{"start":{"line":26,"column":23},"end":{"line":28,"column":9}},"11":{"start":{"line":30,"column":8},"end":{"line":35,"column":9}},"12":{"start":{"line":31,"column":12},"end":{"line":34,"column":13}},"13":{"start":{"line":37,"column":8},"end":{"line":42,"column":9}},"14":{"start":{"line":38,"column":12},"end":{"line":41,"column":13}},"15":{"start":{"line":44,"column":8},"end":{"line":44,"column":69}},"16":{"start":{"line":47,"column":29},"end":{"line":67,"column":5}},"17":{"start":{"line":48,"column":23},"end":{"line":50,"column":9}},"18":{"start":{"line":52,"column":8},"end":{"line":57,"column":9}},"19":{"start":{"line":53,"column":12},"end":{"line":56,"column":13}},"20":{"start":{"line":59,"column":8},"end":{"line":64,"column":9}},"21":{"start":{"line":60,"column":12},"end":{"line":63,"column":13}},"22":{"start":{"line":66,"column":8},"end":{"line":66,"column":63}},"23":{"start":{"line":70,"column":22},"end":{"line":70,"column":41}},"24":{"start":{"line":71,"column":0},"end":{"line":71,"column":30}}},"fnMap":{"0":{"name":"(anonymous_0)","decl":{"start":{"line":4,"column":27},"end":{"line":4,"column":28}},"loc":{"start":{"line":4,"column":43},"end":{"line":7,"column":5}},"line":4},"1":{"name":"(anonymous_1)","decl":{"start":{"line":9,"column":30},"end":{"line":9,"column":31}},"loc":{"start":{"line":9,"column":50},"end":{"line":14,"column":5}},"line":9},"2":{"name":"(anonymous_2)","decl":{"start":{"line":16,"column":19},"end":{"line":16,"column":20}},"loc":{"start":{"line":16,"column":57},"end":{"line":23,"column":5}},"line":16},"3":{"name":"(anonymous_3)","decl":{"start":{"line":25,"column":29},"end":{"line":25,"column":30}},"loc":{"start":{"line":25,"column":63},"end":{"line":45,"column":5}},"line":25},"4":{"name":"(anonymous_4)","decl":{"start":{"line":47,"column":29},"end":{"line":47,"column":30}},"loc":{"start":{"line":47,"column":57},"end":{"line":67,"column":5}},"line":47}},"branchMap":{"0":{"loc":{"start":{"line":30,"column":8},"end":{"line":35,"column":9}},"type":"if","locations":[{"start":{"line":30,"column":8},"end":{"line":35,"column":9}},{"start":{},"end":{}}],"line":30},"1":{"loc":{"start":{"line":37,"column":8},"end":{"line":42,"column":9}},"type":"if","locations":[{"start":{"line":37,"column":8},"end":{"line":42,"column":9}},{"start":{},"end":{}}],"line":37},"2":{"loc":{"start":{"line":37,"column":12},"end":{"line":37,"column":70}},"type":"binary-expr","locations":[{"start":{"line":37,"column":12},"end":{"line":37,"column":35}},{"start":{"line":37,"column":39},"end":{"line":37,"column":70}}],"line":37},"3":{"loc":{"start":{"line":52,"column":8},"end":{"line":57,"column":9}},"type":"if","locations":[{"start":{"line":52,"column":8},"end":{"line":57,"column":9}},{"start":{},"end":{}}],"line":52},"4":{"loc":{"start":{"line":59,"column":8},"end":{"line":64,"column":9}},"type":"if","locations":[{"start":{"line":59,"column":8},"end":{"line":64,"column":9}},{"start":{},"end":{}}],"line":59}},"s":{"0":2,"1":2,"2":1,"3":1,"4":2,"5":1,"6":1,"7":2,"8":1,"9":2,"10":4,"11":4,"12":1,"13":3,"14":1,"15":2,"16":2,"17":3,"18":3,"19":1,"20":2,"21":1,"22":1,"23":2,"24":2},"f":{"0":1,"1":1,"2":1,"3":4,"4":3},"b":{"0":[1,3],"1":[1,2],"2":[3,2],"3":[1,2],"4":[1,1]},"_coverageSchema":"1a1c01bbd47fc00a2c39e90264f33305004495a9","hash":"02237800420337f59905b208698ac49c8207ad5c"}
,"C:\\개인파일\\Program_본가\\Sparta\\layeredArchitecture모범답안\\resume-api\\src\\service\\user.service.js": {"path":"C:\\개인파일\\Program_본가\\Sparta\\layeredArchitecture모범답안\\resume-api\\src\\service\\user.service.js","statementMap":{"0":{"start":{"line":1,"column":15},"end":{"line":1,"column":42}},"1":{"start":{"line":2,"column":20},"end":{"line":2,"column":43}},"2":{"start":{"line":4,"column":23},"end":{"line":4,"column":63}},"3":{"start":{"line":7,"column":17},"end":{"line":39,"column":5}},"4":{"start":{"line":8,"column":59},"end":{"line":8,"column":63}},"5":{"start":{"line":11,"column":8},"end":{"line":38,"column":9}},"6":{"start":{"line":12,"column":25},"end":{"line":12,"column":79}},"7":{"start":{"line":14,"column":12},"end":{"line":19,"column":13}},"8":{"start":{"line":15,"column":16},"end":{"line":18,"column":17}},"9":{"start":{"line":21,"column":12},"end":{"line":21,"column":70}},"10":{"start":{"line":23,"column":25},"end":{"line":23,"column":73}},"11":{"start":{"line":25,"column":12},"end":{"line":30,"column":13}},"12":{"start":{"line":26,"column":16},"end":{"line":29,"column":17}},"13":{"start":{"line":32,"column":12},"end":{"line":37,"column":14}},"14":{"start":{"line":41,"column":17},"end":{"line":93,"column":5}},"15":{"start":{"line":43,"column":8},"end":{"line":74,"column":9}},"16":{"start":{"line":45,"column":12},"end":{"line":45,"column":73}},"17":{"start":{"line":47,"column":12},"end":{"line":52,"column":13}},"18":{"start":{"line":48,"column":16},"end":{"line":51,"column":17}},"19":{"start":{"line":55,"column":12},"end":{"line":57,"column":13}},"20":{"start":{"line":56,"column":16},"end":{"line":56,"column":60}},"21":{"start":{"line":59,"column":12},"end":{"line":61,"column":13}},"22":{"start":{"line":60,"column":16},"end":{"line":60,"column":61}},"23":{"start":{"line":63,"column":12},"end":{"line":66,"column":13}},"24":{"start":{"line":68,"column":12},"end":{"line":73,"column":13}},"25":{"start":{"line":69,"column":16},"end":{"line":72,"column":17}},"26":{"start":{"line":77,"column":28},"end":{"line":83,"column":9}},"27":{"start":{"line":84,"column":29},"end":{"line":88,"column":9}},"28":{"start":{"line":89,"column":8},"end":{"line":92,"column":9}},"29":{"start":{"line":96,"column":20},"end":{"line":96,"column":37}},"30":{"start":{"line":97,"column":0},"end":{"line":97,"column":28}}},"fnMap":{"0":{"name":"(anonymous_0)","decl":{"start":{"line":7,"column":17},"end":{"line":7,"column":18}},"loc":{"start":{"line":7,"column":33},"end":{"line":39,"column":5}},"line":7},"1":{"name":"(anonymous_1)","decl":{"start":{"line":41,"column":17},"end":{"line":41,"column":18}},"loc":{"start":{"line":41,"column":58},"end":{"line":93,"column":5}},"line":41}},"branchMap":{"0":{"loc":{"start":{"line":11,"column":8},"end":{"line":38,"column":9}},"type":"if","locations":[{"start":{"line":11,"column":8},"end":{"line":38,"column":9}},{"start":{"line":22,"column":15},"end":{"line":38,"column":9}}],"line":11},"1":{"loc":{"start":{"line":14,"column":12},"end":{"line":19,"column":13}},"type":"if","locations":[{"start":{"line":14,"column":12},"end":{"line":19,"column":13}},{"start":{},"end":{}}],"line":14},"2":{"loc":{"start":{"line":25,"column":12},"end":{"line":30,"column":13}},"type":"if","locations":[{"start":{"line":25,"column":12},"end":{"line":30,"column":13}},{"start":{},"end":{}}],"line":25},"3":{"loc":{"start":{"line":43,"column":8},"end":{"line":74,"column":9}},"type":"if","locations":[{"start":{"line":43,"column":8},"end":{"line":74,"column":9}},{"start":{"line":53,"column":15},"end":{"line":74,"column":9}}],"line":43},"4":{"loc":{"start":{"line":47,"column":12},"end":{"line":52,"column":13}},"type":"if","locations":[{"start":{"line":47,"column":12},"end":{"line":52,"column":13}},{"start":{},"end":{}}],"line":47},"5":{"loc":{"start":{"line":55,"column":12},"end":{"line":57,"column":13}},"type":"if","locations":[{"start":{"line":55,"column":12},"end":{"line":57,"column":13}},{"start":{},"end":{}}],"line":55},"6":{"loc":{"start":{"line":59,"column":12},"end":{"line":61,"column":13}},"type":"if","locations":[{"start":{"line":59,"column":12},"end":{"line":61,"column":13}},{"start":{},"end":{}}],"line":59},"7":{"loc":{"start":{"line":68,"column":12},"end":{"line":73,"column":13}},"type":"if","locations":[{"start":{"line":68,"column":12},"end":{"line":73,"column":13}},{"start":{},"end":{}}],"line":68}},"s":{"0":2,"1":2,"2":2,"3":2,"4":4,"5":4,"6":2,"7":2,"8":1,"9":1,"10":2,"11":2,"12":1,"13":1,"14":2,"15":3,"16":1,"17":1,"18":1,"19":2,"20":0,"21":2,"22":0,"23":2,"24":2,"25":1,"26":1,"27":1,"28":1,"29":2,"30":2},"f":{"0":4,"1":3},"b":{"0":[2,2],"1":[1,1],"2":[1,1],"3":[1,2],"4":[1,0],"5":[0,2],"6":[0,2],"7":[1,1]},"_coverageSchema":"1a1c01bbd47fc00a2c39e90264f33305004495a9","hash":"9845670a2e9c5de8ca0fe7e8e1fb35a3cfbafe23"}
,"C:\\개인파일\\Program_본가\\Sparta\\layeredArchitecture모범답안\\resume-api\\src\\typeorm\\index.js": {"path":"C:\\개인파일\\Program_본가\\Sparta\\layeredArchitecture모범답안\\resume-api\\src\\typeorm\\index.js","statementMap":{"0":{"start":{"line":1,"column":0},"end":{"line":1,"column":26}},"1":{"start":{"line":3,"column":16},"end":{"line":3,"column":34}},"2":{"start":{"line":5,"column":19},"end":{"line":17,"column":2}},"3":{"start":{"line":19,"column":0},"end":{"line":21,"column":1}},"4":{"start":{"line":20,"column":4},"end":{"line":20,"column":27}},"5":{"start":{"line":23,"column":0},"end":{"line":23,"column":31}}},"fnMap":{},"branchMap":{"0":{"loc":{"start":{"line":19,"column":0},"end":{"line":21,"column":1}},"type":"if","locations":[{"start":{"line":19,"column":0},"end":{"line":21,"column":1}},{"start":{},"end":{}}],"line":19}},"s":{"0":8,"1":8,"2":8,"3":8,"4":0,"5":8},"f":{},"b":{"0":[0,8]},"_coverageSchema":"1a1c01bbd47fc00a2c39e90264f33305004495a9","hash":"1a5aa70d9e7ff0ceed5faf05571088cb10e787e2"}
,"C:\\개인파일\\Program_본가\\Sparta\\layeredArchitecture모범답안\\resume-api\\src\\typeorm\\entity\\resume.entity.js": {"path":"C:\\개인파일\\Program_본가\\Sparta\\layeredArchitecture모범답안\\resume-api\\src\\typeorm\\entity\\resume.entity.js","statementMap":{"0":{"start":{"line":1,"column":21},"end":{"line":1,"column":52}},"1":{"start":{"line":3,"column":0},"end":{"line":37,"column":2}}},"fnMap":{},"branchMap":{},"s":{"0":8,"1":8},"f":{},"b":{},"_coverageSchema":"1a1c01bbd47fc00a2c39e90264f33305004495a9","hash":"9c041f571d4001e41cbf98d3569d0cac2c7928a6"}
,"C:\\개인파일\\Program_본가\\Sparta\\layeredArchitecture모범답안\\resume-api\\src\\typeorm\\entity\\user.entity.js": {"path":"C:\\개인파일\\Program_본가\\Sparta\\layeredArchitecture모범답안\\resume-api\\src\\typeorm\\entity\\user.entity.js","statementMap":{"0":{"start":{"line":1,"column":21},"end":{"line":1,"column":52}},"1":{"start":{"line":3,"column":0},"end":{"line":31,"column":2}}},"fnMap":{},"branchMap":{},"s":{"0":8,"1":8},"f":{},"b":{},"_coverageSchema":"1a1c01bbd47fc00a2c39e90264f33305004495a9","hash":"3bd90ee4551842fbf956a02c82e7d747459b2532"}
}
