TN:
SF:src/repository/resume.repository.js
FN:4,(anonymous_0)
FN:25,(anonymous_1)
FN:47,(anonymous_2)
FN:51,(anonymous_3)
FN:58,(anonymous_4)
FNF:5
FNH:5
FNDA:2,(anonymous_0)
FNDA:2,(anonymous_1)
FNDA:1,(anonymous_2)
FNDA:1,(anonymous_3)
FNDA:1,(anonymous_4)
DA:1,1
DA:4,1
DA:5,2
DA:22,2
DA:25,1
DA:26,2
DA:44,2
DA:47,1
DA:48,1
DA:51,1
DA:53,1
DA:58,1
DA:59,1
DA:65,1
DA:66,1
LF:15
LH:15
BRF:0
BRH:0
end_of_record
TN:
SF:src/repository/user.repository.js
FN:4,(anonymous_0)
FN:14,(anonymous_1)
FN:23,(anonymous_2)
FN:32,(anonymous_3)
FN:42,(anonymous_4)
FNF:5
FNH:4
FNDA:1,(anonymous_0)
FNDA:1,(anonymous_1)
FNDA:1,(anonymous_2)
FNDA:1,(anonymous_3)
FNDA:0,(anonymous_4)
DA:1,1
DA:4,1
DA:5,1
DA:11,1
DA:14,1
DA:15,1
DA:20,1
DA:23,1
DA:24,1
DA:29,1
DA:32,1
DA:33,1
DA:39,1
DA:42,1
DA:43,0
DA:47,1
DA:48,1
LF:17
LH:16
BRF:0
BRH:0
end_of_record
TN:
SF:src/typeorm/index.js
FNF:0
FNH:0
DA:1,2
DA:3,2
DA:5,2
DA:19,2
DA:20,0
DA:23,2
LF:6
LH:5
BRDA:19,0,0,0
BRDA:19,0,1,2
BRF:2
BRH:1
end_of_record
TN:
SF:src/typeorm/entity/resume.entity.js
FNF:0
FNH:0
DA:1,2
DA:3,2
LF:2
LH:2
BRF:0
BRH:0
end_of_record
TN:
SF:src/typeorm/entity/user.entity.js
FNF:0
FNH:0
DA:1,2
DA:3,2
LF:2
LH:2
BRF:0
BRH:0
end_of_record
