TN:
SF:src\controller\auth.controller.js
FN:4,(anonymous_0)
FNF:1
FNH:1
FNDA:1,(anonymous_0)
DA:1,1
DA:4,1
DA:5,1
DA:6,1
DA:7,1
DA:8,1
DA:10,0
DA:15,1
DA:16,1
LF:9
LH:8
BRF:0
BRH:0
end_of_record
TN:
SF:src\controller\store.controller.js
FN:4,(anonymous_0)
FN:35,(anonymous_1)
FN:57,(anonymous_2)
FN:96,(anonymous_3)
FN:142,(anonymous_4)
FNF:5
FNH:3
FNDA:1,(anonymous_0)
FNDA:3,(anonymous_1)
FNDA:0,(anonymous_2)
FNDA:0,(anonymous_3)
FNDA:1,(anonymous_4)
DA:1,1
DA:4,1
DA:5,1
DA:6,1
DA:7,1
DA:9,1
DA:10,0
DA:16,1
DA:17,0
DA:24,1
DA:29,1
DA:31,0
DA:35,1
DA:36,3
DA:37,3
DA:38,3
DA:39,0
DA:45,3
DA:47,3
DA:48,2
DA:51,1
DA:53,0
DA:57,1
DA:58,0
DA:59,0
DA:60,0
DA:61,0
DA:62,0
DA:68,0
DA:76,0
DA:77,0
DA:83,0
DA:84,0
DA:90,0
DA:92,0
DA:96,1
DA:97,0
DA:98,0
DA:99,0
DA:100,0
DA:102,0
DA:103,0
DA:109,0
DA:110,0
DA:116,0
DA:117,0
DA:123,0
DA:124,0
DA:130,0
DA:136,0
DA:138,0
DA:142,1
DA:143,1
DA:144,1
DA:145,1
DA:147,1
DA:148,0
DA:154,1
DA:156,1
DA:158,0
DA:163,1
DA:164,1
LF:62
LH:28
BRDA:6,0,0,1
BRDA:6,0,1,0
BRDA:7,1,0,1
BRDA:7,1,1,0
BRDA:9,2,0,0
BRDA:9,2,1,1
BRDA:16,3,0,0
BRDA:16,3,1,1
BRDA:38,4,0,0
BRDA:38,4,1,3
BRDA:47,5,0,2
BRDA:47,5,1,1
BRDA:61,6,0,0
BRDA:61,6,1,0
BRDA:76,7,0,0
BRDA:76,7,1,0
BRDA:83,8,0,0
BRDA:83,8,1,0
BRDA:102,9,0,0
BRDA:102,9,1,0
BRDA:109,10,0,0
BRDA:109,10,1,0
BRDA:116,11,0,0
BRDA:116,11,1,0
BRDA:123,12,0,0
BRDA:123,12,1,0
BRDA:147,13,0,0
BRDA:147,13,1,1
BRF:28
BRH:8
end_of_record
TN:
SF:src\controller\user.controller.js
FN:4,(anonymous_0)
FN:84,(anonymous_1)
FN:99,(anonymous_2)
FNF:3
FNH:3
FNDA:1,(anonymous_0)
FNDA:1,(anonymous_1)
FNDA:1,(anonymous_2)
DA:1,1
DA:4,1
DA:5,1
DA:14,1
DA:15,1
DA:16,1
DA:22,0
DA:23,0
DA:24,0
DA:30,0
DA:31,0
DA:37,0
DA:38,0
DA:44,0
DA:45,0
DA:51,0
DA:52,0
DA:60,0
DA:61,0
DA:66,0
DA:75,0
DA:80,0
DA:84,1
DA:85,1
DA:86,1
DA:88,1
DA:93,1
DA:95,0
DA:99,1
DA:100,1
DA:101,1
DA:103,1
DA:109,0
DA:114,1
DA:115,1
LF:35
LH:17
BRDA:15,0,0,1
BRDA:15,0,1,0
BRDA:15,1,0,1
BRDA:15,1,1,1
BRDA:22,2,0,0
BRDA:22,2,1,0
BRDA:23,3,0,0
BRDA:23,3,1,0
BRDA:30,4,0,0
BRDA:30,4,1,0
BRDA:37,5,0,0
BRDA:37,5,1,0
BRDA:44,6,0,0
BRDA:44,6,1,0
BRDA:51,7,0,0
BRDA:51,7,1,0
BRDA:60,8,0,0
BRDA:60,8,1,0
BRF:18
BRH:3
end_of_record
TN:
SF:src\repository\carts.repository.js
FN:2,(anonymous_0)
FN:6,(anonymous_1)
FN:18,(anonymous_2)
FN:28,(anonymous_3)
FN:37,(anonymous_4)
FN:45,(anonymous_5)
FNF:6
FNH:3
FNDA:1,(anonymous_0)
FNDA:1,(anonymous_1)
FNDA:1,(anonymous_2)
FNDA:0,(anonymous_3)
FNDA:0,(anonymous_4)
FNDA:0,(anonymous_5)
DA:3,1
DA:6,1
DA:7,1
DA:15,1
DA:18,1
DA:19,1
DA:25,1
DA:28,1
DA:29,0
DA:34,0
DA:37,1
DA:38,0
DA:42,0
DA:45,1
DA:46,0
DA:49,0
DA:53,1
LF:17
LH:11
BRF:0
BRH:0
end_of_record
TN:
SF:src\repository\store.repository.js
FN:4,(anonymous_0)
FN:26,(anonymous_1)
FN:49,(anonymous_2)
FN:53,(anonymous_3)
FN:59,(anonymous_4)
FNF:5
FNH:5
FNDA:2,(anonymous_0)
FNDA:2,(anonymous_1)
FNDA:1,(anonymous_2)
FNDA:1,(anonymous_3)
FNDA:1,(anonymous_4)
DA:1,3
DA:4,3
DA:5,2
DA:23,2
DA:26,3
DA:27,2
DA:46,2
DA:49,3
DA:50,1
DA:53,3
DA:54,1
DA:59,3
DA:60,1
DA:66,3
DA:67,3
LF:15
LH:15
BRF:0
BRH:0
end_of_record
TN:
SF:src\repository\user.repository.js
FN:4,(anonymous_0)
FN:14,(anonymous_1)
FN:23,(anonymous_2)
FN:32,(anonymous_3)
FN:42,(anonymous_4)
FNF:5
FNH:5
FNDA:1,(anonymous_0)
FNDA:1,(anonymous_1)
FNDA:1,(anonymous_2)
FNDA:1,(anonymous_3)
FNDA:1,(anonymous_4)
DA:1,5
DA:4,5
DA:5,1
DA:11,1
DA:14,5
DA:15,1
DA:20,1
DA:23,5
DA:24,1
DA:29,1
DA:32,5
DA:33,1
DA:39,1
DA:42,5
DA:43,1
DA:47,5
DA:48,5
LF:17
LH:17
BRF:0
BRH:0
end_of_record
TN:
SF:src\service\auth.service.js
FN:5,(anonymous_0)
FN:21,(anonymous_1)
FNF:2
FNH:2
FNDA:3,(anonymous_0)
FNDA:2,(anonymous_1)
DA:1,2
DA:2,2
DA:5,2
DA:6,3
DA:8,3
DA:9,1
DA:12,2
DA:14,2
DA:15,1
DA:18,1
DA:21,2
DA:22,2
DA:23,2
DA:24,1
DA:31,1
DA:33,1
DA:34,0
DA:41,1
DA:46,1
DA:52,1
DA:59,2
DA:60,2
LF:22
LH:21
BRDA:8,0,0,1
BRDA:8,0,1,2
BRDA:14,1,0,1
BRDA:14,1,1,1
BRDA:23,2,0,1
BRDA:23,2,1,1
BRDA:33,3,0,0
BRDA:33,3,1,1
BRF:8
BRH:7
end_of_record
TN:
SF:src\service\store.service.js
FN:4,(anonymous_0)
FN:9,(anonymous_1)
FN:14,(anonymous_2)
FN:24,(anonymous_3)
FN:44,(anonymous_4)
FNF:5
FNH:5
FNDA:1,(anonymous_0)
FNDA:1,(anonymous_1)
FNDA:1,(anonymous_2)
FNDA:3,(anonymous_3)
FNDA:3,(anonymous_4)
DA:1,2
DA:4,2
DA:5,1
DA:6,1
DA:9,2
DA:10,1
DA:11,1
DA:14,2
DA:15,1
DA:24,2
DA:25,3
DA:27,3
DA:28,1
DA:34,2
DA:35,1
DA:41,1
DA:44,2
DA:45,3
DA:47,3
DA:48,1
DA:54,2
DA:55,1
DA:61,1
DA:65,2
DA:66,2
LF:25
LH:25
BRDA:27,0,0,1
BRDA:27,0,1,2
BRDA:34,1,0,1
BRDA:34,1,1,1
BRDA:34,2,0,2
BRDA:34,2,1,2
BRDA:47,3,0,1
BRDA:47,3,1,2
BRDA:54,4,0,1
BRDA:54,4,1,1
BRF:10
BRH:10
end_of_record
TN:
SF:src\service\user.service.js
FN:7,(anonymous_0)
FN:47,(anonymous_1)
FNF:2
FNH:2
FNDA:4,(anonymous_0)
FNDA:3,(anonymous_1)
DA:1,2
DA:2,2
DA:4,2
DA:7,2
DA:8,4
DA:11,4
DA:12,2
DA:14,2
DA:15,1
DA:21,1
DA:28,2
DA:30,2
DA:31,1
DA:37,1
DA:47,2
DA:49,3
DA:51,1
DA:53,1
DA:54,1
DA:61,2
DA:62,0
DA:65,2
DA:66,0
DA:69,2
DA:74,2
DA:75,1
DA:83,1
DA:90,1
DA:95,1
DA:102,2
DA:103,2
LF:31
LH:29
BRDA:11,0,0,2
BRDA:11,0,1,2
BRDA:14,1,0,1
BRDA:14,1,1,1
BRDA:30,2,0,1
BRDA:30,2,1,1
BRDA:49,3,0,1
BRDA:49,3,1,2
BRDA:53,4,0,1
BRDA:53,4,1,0
BRDA:61,5,0,0
BRDA:61,5,1,2
BRDA:65,6,0,0
BRDA:65,6,1,2
BRDA:74,7,0,1
BRDA:74,7,1,1
BRF:16
BRH:13
end_of_record
TN:
SF:src\typeorm\index.js
FN:16,(anonymous_0)
FN:19,(anonymous_1)
FN:20,(anonymous_2)
FN:23,(anonymous_3)
FN:26,(anonymous_4)
FN:27,(anonymous_5)
FNF:6
FNH:0
FNDA:0,(anonymous_0)
FNDA:0,(anonymous_1)
FNDA:0,(anonymous_2)
FNDA:0,(anonymous_3)
FNDA:0,(anonymous_4)
FNDA:0,(anonymous_5)
DA:1,8
DA:3,8
DA:4,8
DA:16,8
DA:17,0
DA:19,0
DA:20,0
DA:23,8
DA:24,0
DA:26,0
DA:27,0
DA:30,8
LF:12
LH:6
BRF:0
BRH:0
end_of_record
